<?xml version="1.0" encoding="UTF-8"?>
<!-- Generated by org.testng.reporters.JUnitReportReporter -->
<testsuite skipped="0" hostname="Tanzir-PC" name="craiglist_pro.CraiglistJobs" tests="1" failures="0" timestamp="2019-11-17T08:48:09 EST" time="10.267" errors="0">
  <testcase name="jobs" time="10.267" classname="craiglist_pro.CraiglistJobs"/>
</testsuite> <!-- craiglist_pro.CraiglistJobs -->
