<?xml version="1.0" encoding="UTF-8"?>
<!-- Generated by org.testng.reporters.JUnitReportReporter -->
<testsuite skipped="0" hostname="Tanzir-PC" name="craiglist_pro.CraiglistDemo" tests="2" failures="0" timestamp="2019-11-17T08:48:09 EST" time="26.519" errors="0">
  <testcase name="number" time="0.205" classname="craiglist_pro.CraiglistDemo"/>
  <testcase name="apt" time="26.314" classname="craiglist_pro.CraiglistDemo"/>
</testsuite> <!-- craiglist_pro.CraiglistDemo -->
